<?xml version="1.0" encoding="UTF-8"?>
<!-- Generated by org.testng.reporters.JUnitReportReporter -->
<testsuite hostname="NB4NLBDJ3QZMNUO" name="com.cn.Testabc" tests="1" failures="0" timestamp="1 Nov 2017 07:48:28 GMT" time="0.051" errors="0">
  <testcase name="Testabc" time="0.051" classname="com.cn.Testabc"/>
</testsuite> <!-- com.cn.Testabc -->
